  [1m[35m (3.0ms)[0m  [1m[34mSELECT sqlite_version(*)[0m
  [1m[35m (3.0ms)[0m  [1m[35mCREATE TABLE "schema_migrations" ("version" varchar NOT NULL PRIMARY KEY)[0m
  [1m[35m (1.4ms)[0m  [1m[35mCREATE TABLE "ar_internal_metadata" ("key" varchar NOT NULL PRIMARY KEY, "value" varchar, "created_at" datetime(6) NOT NULL, "updated_at" datetime(6) NOT NULL)[0m
  [1m[35m (0.3ms)[0m  [1m[34mSELECT "schema_migrations"."version" FROM "schema_migrations" ORDER BY "schema_migrations"."version" ASC[0m
Migrating to CreateUsers (20200904162718)
  [1m[35m (0.1ms)[0m  [1m[36mbegin transaction[0m
  [1m[35m (0.6ms)[0m  [1m[35mCREATE TABLE "users" ("id" integer PRIMARY KEY AUTOINCREMENT NOT NULL, "username" varchar, "created_at" datetime(6) NOT NULL, "updated_at" datetime(6) NOT NULL)[0m
  [1m[36mprimary::SchemaMigration Create (0.3ms)[0m  [1m[32mINSERT INTO "schema_migrations" ("version") VALUES (?)[0m  [["version", "20200904162718"]]
  [1m[35m (1.4ms)[0m  [1m[36mcommit transaction[0m
Migrating to CreateActiveStorageTables (20200904163401)
  [1m[35m (0.1ms)[0m  [1m[36mbegin transaction[0m
  [1m[35m (0.5ms)[0m  [1m[35mCREATE TABLE "active_storage_blobs" ("id" integer PRIMARY KEY AUTOINCREMENT NOT NULL, "key" varchar NOT NULL, "filename" varchar NOT NULL, "content_type" varchar, "metadata" text, "byte_size" bigint NOT NULL, "checksum" varchar NOT NULL, "created_at" datetime NOT NULL)[0m
  [1m[35m (0.1ms)[0m  [1m[35mCREATE UNIQUE INDEX "index_active_storage_blobs_on_key" ON "active_storage_blobs" ("key")[0m
  [1m[35m (0.3ms)[0m  [1m[35mCREATE TABLE "active_storage_attachments" ("id" integer PRIMARY KEY AUTOINCREMENT NOT NULL, "name" varchar NOT NULL, "record_type" varchar NOT NULL, "record_id" integer NOT NULL, "blob_id" integer NOT NULL, "created_at" datetime NOT NULL, CONSTRAINT "fk_rails_c3b3935057"
FOREIGN KEY ("blob_id")
  REFERENCES "active_storage_blobs" ("id")
)[0m
  [1m[35m (0.2ms)[0m  [1m[35mCREATE  INDEX "index_active_storage_attachments_on_blob_id" ON "active_storage_attachments" ("blob_id")[0m
  [1m[35m (0.7ms)[0m  [1m[35mCREATE UNIQUE INDEX "index_active_storage_attachments_uniqueness" ON "active_storage_attachments" ("record_type", "record_id", "name", "blob_id")[0m
  [1m[36mprimary::SchemaMigration Create (0.3ms)[0m  [1m[32mINSERT INTO "schema_migrations" ("version") VALUES (?)[0m  [["version", "20200904163401"]]
  [1m[35m (1.5ms)[0m  [1m[36mcommit transaction[0m
  [1m[36mActiveRecord::InternalMetadata Load (0.2ms)[0m  [1m[34mSELECT "ar_internal_metadata".* FROM "ar_internal_metadata" WHERE "ar_internal_metadata"."key" = ? LIMIT ?[0m  [["key", "environment"], ["LIMIT", 1]]
  [1m[35m (0.1ms)[0m  [1m[36mbegin transaction[0m
  [1m[36mActiveRecord::InternalMetadata Create (0.5ms)[0m  [1m[32mINSERT INTO "ar_internal_metadata" ("key", "value", "created_at", "updated_at") VALUES (?, ?, ?, ?)[0m  [["key", "environment"], ["value", "development"], ["created_at", "2020-09-04 16:34:36.475468"], ["updated_at", "2020-09-04 16:34:36.475468"]]
  [1m[35m (1.0ms)[0m  [1m[36mcommit transaction[0m
  [1m[35m (0.1ms)[0m  [1m[34mSELECT sqlite_version(*)[0m
  [1m[35m (0.1ms)[0m  [1m[34mSELECT "schema_migrations"."version" FROM "schema_migrations" ORDER BY "schema_migrations"."version" ASC[0m
  [1m[35m (1.6ms)[0m  [1m[34mSELECT sqlite_version(*)[0m
  [1m[36mUser Load (0.6ms)[0m  [1m[34mSELECT "users".* FROM "users" LIMIT ?[0m  [["LIMIT", 11]]
  [1m[35m (0.1ms)[0m  [1m[36mbegin transaction[0m
  [1m[36mUser Create (9.0ms)[0m  [1m[32mINSERT INTO "users" ("username", "created_at", "updated_at") VALUES (?, ?, ?)[0m  [["username", "Juantoanxoup"], ["created_at", "2020-09-04 16:54:15.550719"], ["updated_at", "2020-09-04 16:54:15.550719"]]
  [1m[35m (2.3ms)[0m  [1m[36mcommit transaction[0m
  [1m[36mUser Load (0.3ms)[0m  [1m[34mSELECT "users".* FROM "users" LIMIT ?[0m  [["LIMIT", 11]]
Started GET "/users/1" for ::1 at 2020-09-04 11:54:56 -0500
  [1m[35m (1.8ms)[0m  [1m[34mSELECT sqlite_version(*)[0m
  [1m[35m (0.7ms)[0m  [1m[34mSELECT "schema_migrations"."version" FROM "schema_migrations" ORDER BY "schema_migrations"."version" ASC[0m
Processing by UsersController#show as HTML
  Parameters: {"id"=>"1"}
  [1m[36mUser Load (0.5ms)[0m  [1m[34mSELECT "users".* FROM "users" WHERE "users"."id" = ? LIMIT ?[0m  [["id", 1], ["LIMIT", 1]]
  ↳ app/controllers/users_controller.rb:16:in `find_user'
Completed 200 OK in 26ms (Views: 1.5ms | ActiveRecord: 1.2ms | Allocations: 6196)


Started GET "/users/1" for ::1 at 2020-09-04 11:55:25 -0500
  [1m[35m (0.1ms)[0m  [1m[34mSELECT sqlite_version(*)[0m
Processing by UsersController#show as HTML
  Parameters: {"id"=>"1"}
  [1m[36mUser Load (0.5ms)[0m  [1m[34mSELECT "users".* FROM "users" WHERE "users"."id" = ? LIMIT ?[0m  [["id", 1], ["LIMIT", 1]]
  ↳ app/controllers/users_controller.rb:15:in `find_user'
Completed 200 OK in 32ms (Views: 0.7ms | ActiveRecord: 10.1ms | Allocations: 5104)


Started GET "/favicon.ico" for ::1 at 2020-09-04 11:55:25 -0500
  
ActionController::RoutingError (No route matches [GET] "/favicon.ico"):
  
actionpack (6.0.3.2) lib/action_dispatch/middleware/debug_exceptions.rb:36:in `call'
actionpack (6.0.3.2) lib/action_dispatch/middleware/show_exceptions.rb:33:in `call'
railties (6.0.3.2) lib/rails/rack/logger.rb:37:in `call_app'
railties (6.0.3.2) lib/rails/rack/logger.rb:26:in `block in call'
activesupport (6.0.3.2) lib/active_support/tagged_logging.rb:80:in `block in tagged'
activesupport (6.0.3.2) lib/active_support/tagged_logging.rb:28:in `tagged'
activesupport (6.0.3.2) lib/active_support/tagged_logging.rb:80:in `tagged'
railties (6.0.3.2) lib/rails/rack/logger.rb:26:in `call'
actionpack (6.0.3.2) lib/action_dispatch/middleware/remote_ip.rb:81:in `call'
actionpack (6.0.3.2) lib/action_dispatch/middleware/request_id.rb:27:in `call'
rack (2.2.3) lib/rack/runtime.rb:22:in `call'
activesupport (6.0.3.2) lib/active_support/cache/strategy/local_cache_middleware.rb:29:in `call'
actionpack (6.0.3.2) lib/action_dispatch/middleware/executor.rb:14:in `call'
actionpack (6.0.3.2) lib/action_dispatch/middleware/static.rb:126:in `call'
rack (2.2.3) lib/rack/sendfile.rb:110:in `call'
actionpack (6.0.3.2) lib/action_dispatch/middleware/host_authorization.rb:82:in `call'
rack-cors (1.1.1) lib/rack/cors.rb:100:in `call'
railties (6.0.3.2) lib/rails/engine.rb:527:in `call'
puma (4.3.5) lib/puma/configuration.rb:228:in `call'
puma (4.3.5) lib/puma/server.rb:713:in `handle_request'
puma (4.3.5) lib/puma/server.rb:472:in `process_client'
puma (4.3.5) lib/puma/server.rb:328:in `block in run'
puma (4.3.5) lib/puma/thread_pool.rb:134:in `block in spawn_thread'
Started GET "/users/1" for ::1 at 2020-09-04 11:56:12 -0500
  [1m[35m (2.1ms)[0m  [1m[34mSELECT sqlite_version(*)[0m
Processing by UsersController#show as HTML
  Parameters: {"id"=>"1"}
  [1m[36mUser Load (0.9ms)[0m  [1m[34mSELECT "users".* FROM "users" WHERE "users"."id" = ? LIMIT ?[0m  [["id", 1], ["LIMIT", 1]]
  ↳ app/controllers/users_controller.rb:15:in `find_user'
Completed 500 Internal Server Error in 143ms (ActiveRecord: 2.3ms | Allocations: 6469)


  
NoMethodError (undefined method `serializable_hash' for "Juantoanxoup":String):
  
app/controllers/users_controller.rb:4:in `show'
Started GET "/users/1" for ::1 at 2020-09-04 11:56:33 -0500
  [1m[35m (0.4ms)[0m  [1m[34mSELECT sqlite_version(*)[0m
Processing by UsersController#show as HTML
  Parameters: {"id"=>"1"}
  [1m[36mUser Load (0.9ms)[0m  [1m[34mSELECT "users".* FROM "users" WHERE "users"."id" = ? LIMIT ?[0m  [["id", 1], ["LIMIT", 1]]
  ↳ app/controllers/users_controller.rb:15:in `find_user'
Completed 500 Internal Server Error in 160ms (ActiveRecord: 2.2ms | Allocations: 6345)


  
NoMethodError (undefined method `serializable_hash' for "Juantoanxoup":String):
  
app/controllers/users_controller.rb:4:in `show'
Started GET "/users/1" for ::1 at 2020-09-04 11:57:33 -0500
  [1m[35m (0.2ms)[0m  [1m[34mSELECT sqlite_version(*)[0m
Processing by UsersController#show as HTML
  Parameters: {"id"=>"1"}
  [1m[36mUser Load (0.4ms)[0m  [1m[34mSELECT "users".* FROM "users" WHERE "users"."id" = ? LIMIT ?[0m  [["id", 1], ["LIMIT", 1]]
  ↳ app/controllers/users_controller.rb:16:in `find_user'
Completed 500 Internal Server Error in 124ms (ActiveRecord: 2.6ms | Allocations: 6347)


  
NoMethodError (undefined method `serializable_hash' for "Juantoanxoup":String):
  
app/controllers/users_controller.rb:5:in `show'
Started GET "/users/1" for ::1 at 2020-09-04 11:58:48 -0500
  [1m[35m (0.3ms)[0m  [1m[34mSELECT sqlite_version(*)[0m
Processing by UsersController#show as HTML
  Parameters: {"id"=>"1"}
  [1m[36mUser Load (0.4ms)[0m  [1m[34mSELECT "users".* FROM "users" WHERE "users"."id" = ? LIMIT ?[0m  [["id", 1], ["LIMIT", 1]]
  ↳ app/controllers/users_controller.rb:16:in `find_user'
Completed 200 OK in 35ms (Views: 1.0ms | ActiveRecord: 5.0ms | Allocations: 5136)


Started GET "/users/1" for ::1 at 2020-09-04 11:59:21 -0500
  [1m[35m (0.1ms)[0m  [1m[34mSELECT sqlite_version(*)[0m
Processing by UsersController#show as HTML
  Parameters: {"id"=>"1"}
  [1m[36mUser Load (0.3ms)[0m  [1m[34mSELECT "users".* FROM "users" WHERE "users"."id" = ? LIMIT ?[0m  [["id", 1], ["LIMIT", 1]]
  ↳ app/controllers/users_controller.rb:16:in `find_user'
Completed 200 OK in 130ms (Views: 4.2ms | ActiveRecord: 67.3ms | Allocations: 5130)


Started GET "/users/1" for ::1 at 2020-09-04 12:00:32 -0500
  [1m[35m (0.2ms)[0m  [1m[34mSELECT sqlite_version(*)[0m
Processing by UsersController#show as HTML
  Parameters: {"id"=>"1"}
  [1m[36mUser Load (0.6ms)[0m  [1m[34mSELECT "users".* FROM "users" WHERE "users"."id" = ? LIMIT ?[0m  [["id", 1], ["LIMIT", 1]]
  ↳ app/controllers/users_controller.rb:16:in `find_user'
Completed 200 OK in 65ms (Views: 4.5ms | ActiveRecord: 2.2ms | Allocations: 5060)


Started GET "/users/1" for ::1 at 2020-09-04 12:00:44 -0500
  [1m[35m (0.6ms)[0m  [1m[34mSELECT sqlite_version(*)[0m
Processing by UsersController#show as HTML
  Parameters: {"id"=>"1"}
  [1m[36mUser Load (0.3ms)[0m  [1m[34mSELECT "users".* FROM "users" WHERE "users"."id" = ? LIMIT ?[0m  [["id", 1], ["LIMIT", 1]]
  ↳ app/controllers/users_controller.rb:16:in `find_user'
Completed 200 OK in 35ms (Views: 0.3ms | ActiveRecord: 2.2ms | Allocations: 5060)


Started GET "/users/1" for ::1 at 2020-09-04 12:00:58 -0500
  [1m[35m (0.1ms)[0m  [1m[34mSELECT sqlite_version(*)[0m
Processing by UsersController#show as HTML
  Parameters: {"id"=>"1"}
  [1m[36mUser Load (0.9ms)[0m  [1m[34mSELECT "users".* FROM "users" WHERE "users"."id" = ? LIMIT ?[0m  [["id", 1], ["LIMIT", 1]]
  ↳ app/controllers/users_controller.rb:16:in `find_user'
  [1m[36mActiveStorage::Attachment Load (1.5ms)[0m  [1m[34mSELECT "active_storage_attachments".* FROM "active_storage_attachments" WHERE "active_storage_attachments"."record_id" = ? AND "active_storage_attachments"."record_type" = ? AND "active_storage_attachments"."name" = ? LIMIT ?[0m  [["record_id", 1], ["record_type", "User"], ["name", "avatar"], ["LIMIT", 1]]
  ↳ app/controllers/users_controller.rb:5:in `show'
Completed 500 Internal Server Error in 163ms (ActiveRecord: 5.7ms | Allocations: 11211)


  
Module::DelegationError (serializable_hash delegated to attachment, but attachment is nil):
  
app/controllers/users_controller.rb:5:in `show'
Started GET "/users/1" for ::1 at 2020-09-04 12:02:02 -0500
  [1m[35m (0.3ms)[0m  [1m[34mSELECT sqlite_version(*)[0m
Processing by UsersController#show as HTML
  Parameters: {"id"=>"1"}
  [1m[36mUser Load (0.4ms)[0m  [1m[34mSELECT "users".* FROM "users" WHERE "users"."id" = ? LIMIT ?[0m  [["id", 1], ["LIMIT", 1]]
  ↳ app/controllers/users_controller.rb:16:in `find_user'
Completed 200 OK in 52ms (Views: 3.3ms | ActiveRecord: 1.5ms | Allocations: 5102)


Started POST "/users" for ::1 at 2020-09-10 16:52:28 -0500
  [1m[35m (2.2ms)[0m  [1m[34mSELECT sqlite_version(*)[0m
  [1m[35m (0.6ms)[0m  [1m[34mSELECT "schema_migrations"."version" FROM "schema_migrations" ORDER BY "schema_migrations"."version" ASC[0m
Processing by UsersController#create as */*
  Parameters: {"username"=>"", "user"=>{"username"=>""}}
  [1m[36mUser Load (0.6ms)[0m  [1m[34mSELECT "users".* FROM "users" WHERE "users"."username" = ? LIMIT ?[0m  [["username", ""], ["LIMIT", 1]]
  ↳ app/controllers/users_controller.rb:13:in `create'
  [1m[35m (0.1ms)[0m  [1m[36mbegin transaction[0m
  ↳ app/controllers/users_controller.rb:16:in `create'
  [1m[36mUser Create (2.6ms)[0m  [1m[32mINSERT INTO "users" ("username", "created_at", "updated_at") VALUES (?, ?, ?)[0m  [["username", ""], ["created_at", "2020-09-10 21:52:28.611668"], ["updated_at", "2020-09-10 21:52:28.611668"]]
  ↳ app/controllers/users_controller.rb:16:in `create'
  [1m[35m (1.0ms)[0m  [1m[36mcommit transaction[0m
  ↳ app/controllers/users_controller.rb:16:in `create'
Completed 200 OK in 25ms (Views: 0.5ms | ActiveRecord: 5.1ms | Allocations: 6848)


Started POST "/users" for ::1 at 2020-09-10 16:55:47 -0500
Processing by UsersController#create as */*
  Parameters: {"username"=>"", "user"=>{"username"=>""}}
  [1m[36mUser Load (0.2ms)[0m  [1m[34mSELECT "users".* FROM "users" WHERE "users"."username" = ? LIMIT ?[0m  [["username", ""], ["LIMIT", 1]]
  ↳ app/controllers/users_controller.rb:13:in `create'
Completed 200 OK in 5ms (Views: 1.5ms | ActiveRecord: 0.2ms | Allocations: 937)


Started POST "/users" for ::1 at 2020-09-10 17:01:05 -0500
Processing by UsersController#create as */*
  Parameters: {"username"=>"", "user"=>{"username"=>""}}
  [1m[36mUser Load (0.3ms)[0m  [1m[34mSELECT "users".* FROM "users" WHERE "users"."username" = ? LIMIT ?[0m  [["username", ""], ["LIMIT", 1]]
  ↳ app/controllers/users_controller.rb:13:in `create'
Completed 200 OK in 8ms (Views: 0.4ms | ActiveRecord: 0.3ms | Allocations: 922)


Started POST "/users" for ::1 at 2020-09-10 17:01:09 -0500
Processing by UsersController#create as */*
  Parameters: {"username"=>"", "user"=>{"username"=>""}}
  [1m[36mUser Load (0.2ms)[0m  [1m[34mSELECT "users".* FROM "users" WHERE "users"."username" = ? LIMIT ?[0m  [["username", ""], ["LIMIT", 1]]
  ↳ app/controllers/users_controller.rb:13:in `create'
Completed 200 OK in 3ms (Views: 0.3ms | ActiveRecord: 0.2ms | Allocations: 922)


Started POST "/users" for ::1 at 2020-09-10 17:01:21 -0500
Processing by UsersController#create as */*
  Parameters: {"username"=>"", "user"=>{"username"=>""}}
  [1m[36mUser Load (0.2ms)[0m  [1m[34mSELECT "users".* FROM "users" WHERE "users"."username" = ? LIMIT ?[0m  [["username", ""], ["LIMIT", 1]]
  ↳ app/controllers/users_controller.rb:13:in `create'
Completed 200 OK in 89ms (Views: 0.8ms | ActiveRecord: 0.2ms | Allocations: 925)


Started POST "/users" for ::1 at 2020-09-10 17:01:29 -0500
Processing by UsersController#create as */*
  Parameters: {"username"=>"", "user"=>{"username"=>""}}
  [1m[36mUser Load (0.3ms)[0m  [1m[34mSELECT "users".* FROM "users" WHERE "users"."username" = ? LIMIT ?[0m  [["username", ""], ["LIMIT", 1]]
  ↳ app/controllers/users_controller.rb:13:in `create'
Completed 200 OK in 4ms (Views: 1.0ms | ActiveRecord: 0.3ms | Allocations: 905)


Started POST "/users" for ::1 at 2020-09-10 17:03:36 -0500
Processing by UsersController#create as */*
  Parameters: {"username"=>"", "user"=>{"username"=>""}}
  [1m[36mUser Load (0.2ms)[0m  [1m[34mSELECT "users".* FROM "users" WHERE "users"."username" = ? LIMIT ?[0m  [["username", ""], ["LIMIT", 1]]
  ↳ app/controllers/users_controller.rb:13:in `create'
Completed 200 OK in 4ms (Views: 0.5ms | ActiveRecord: 0.2ms | Allocations: 905)


Started POST "/users" for ::1 at 2020-09-10 17:32:02 -0500
  [1m[35m (0.3ms)[0m  [1m[34mSELECT sqlite_version(*)[0m
Processing by UsersController#create as */*
  Parameters: {"username"=>"", "user"=>{"username"=>""}}
  [1m[36mUser Load (0.4ms)[0m  [1m[34mSELECT "users".* FROM "users" WHERE "users"."username" = ? LIMIT ?[0m  [["username", ""], ["LIMIT", 1]]
  ↳ app/controllers/users_controller.rb:13:in `create'
Completed 200 OK in 25ms (Views: 3.6ms | ActiveRecord: 0.4ms | Allocations: 921)


Started POST "/users" for ::1 at 2020-09-10 17:34:51 -0500
Processing by UsersController#create as */*
  Parameters: {"username"=>"", "user"=>{"username"=>""}}
  [1m[36mUser Load (0.3ms)[0m  [1m[34mSELECT "users".* FROM "users" WHERE "users"."username" = ? LIMIT ?[0m  [["username", ""], ["LIMIT", 1]]
  ↳ app/controllers/users_controller.rb:13:in `create'
Completed 200 OK in 5ms (Views: 0.4ms | ActiveRecord: 0.3ms | Allocations: 905)


Started POST "/users" for ::1 at 2020-09-10 17:36:30 -0500
Processing by UsersController#create as */*
  Parameters: {"username"=>"", "user"=>{"username"=>""}}
  [1m[36mUser Load (0.4ms)[0m  [1m[34mSELECT "users".* FROM "users" WHERE "users"."username" = ? LIMIT ?[0m  [["username", ""], ["LIMIT", 1]]
  ↳ app/controllers/users_controller.rb:13:in `create'
Completed 200 OK in 7ms (Views: 0.4ms | ActiveRecord: 0.4ms | Allocations: 905)


Started POST "/users" for ::1 at 2020-09-10 17:36:56 -0500
Processing by UsersController#create as */*
  Parameters: {"username"=>"", "user"=>{"username"=>""}}
  [1m[36mUser Load (0.2ms)[0m  [1m[34mSELECT "users".* FROM "users" WHERE "users"."username" = ? LIMIT ?[0m  [["username", ""], ["LIMIT", 1]]
  ↳ app/controllers/users_controller.rb:13:in `create'
Completed 200 OK in 3ms (Views: 0.3ms | ActiveRecord: 0.2ms | Allocations: 905)


Started POST "/users" for ::1 at 2020-09-10 17:41:45 -0500
Processing by UsersController#create as */*
  Parameters: {"username"=>"", "user"=>{"username"=>""}}
  [1m[36mUser Load (0.2ms)[0m  [1m[34mSELECT "users".* FROM "users" WHERE "users"."username" = ? LIMIT ?[0m  [["username", ""], ["LIMIT", 1]]
  ↳ app/controllers/users_controller.rb:13:in `create'
Completed 200 OK in 7ms (Views: 0.5ms | ActiveRecord: 0.2ms | Allocations: 905)


Started POST "/users" for ::1 at 2020-09-10 17:42:19 -0500
Processing by UsersController#create as */*
  Parameters: {"username"=>"", "user"=>{"username"=>""}}
  [1m[36mUser Load (0.1ms)[0m  [1m[34mSELECT "users".* FROM "users" WHERE "users"."username" = ? LIMIT ?[0m  [["username", ""], ["LIMIT", 1]]
  ↳ app/controllers/users_controller.rb:13:in `create'
Completed 200 OK in 2ms (Views: 0.3ms | ActiveRecord: 0.1ms | Allocations: 905)


Started POST "/users" for ::1 at 2020-09-10 17:43:32 -0500
Processing by UsersController#create as */*
  Parameters: {"username"=>"", "user"=>{"username"=>""}}
  [1m[36mUser Load (0.3ms)[0m  [1m[34mSELECT "users".* FROM "users" WHERE "users"."username" = ? LIMIT ?[0m  [["username", ""], ["LIMIT", 1]]
  ↳ app/controllers/users_controller.rb:13:in `create'
Completed 200 OK in 4ms (Views: 0.7ms | ActiveRecord: 0.3ms | Allocations: 905)


Started POST "/users" for ::1 at 2020-09-10 17:44:55 -0500
Processing by UsersController#create as */*
  Parameters: {"username"=>"", "user"=>{"username"=>""}}
  [1m[36mUser Load (0.2ms)[0m  [1m[34mSELECT "users".* FROM "users" WHERE "users"."username" = ? LIMIT ?[0m  [["username", ""], ["LIMIT", 1]]
  ↳ app/controllers/users_controller.rb:13:in `create'
Completed 200 OK in 3ms (Views: 0.6ms | ActiveRecord: 0.2ms | Allocations: 905)


Started POST "/users" for ::1 at 2020-09-10 18:07:35 -0500
  [1m[35m (0.2ms)[0m  [1m[34mSELECT sqlite_version(*)[0m
Processing by UsersController#create as */*
  Parameters: {"username"=>"", "user"=>{"username"=>""}}
  [1m[36mUser Load (0.3ms)[0m  [1m[34mSELECT "users".* FROM "users" WHERE "users"."username" = ? LIMIT ?[0m  [["username", ""], ["LIMIT", 1]]
  ↳ app/controllers/users_controller.rb:13:in `create'
Completed 200 OK in 4ms (Views: 0.6ms | ActiveRecord: 0.3ms | Allocations: 921)


Started POST "/users" for ::1 at 2020-09-10 18:11:34 -0500
Processing by UsersController#create as */*
  Parameters: {"username"=>"", "user"=>{"username"=>""}}
  [1m[36mUser Load (0.2ms)[0m  [1m[34mSELECT "users".* FROM "users" WHERE "users"."username" = ? LIMIT ?[0m  [["username", ""], ["LIMIT", 1]]
  ↳ app/controllers/users_controller.rb:13:in `create'
Completed 200 OK in 3ms (Views: 0.4ms | ActiveRecord: 0.2ms | Allocations: 905)


Started POST "/users" for ::1 at 2020-09-10 18:16:27 -0500
Processing by UsersController#create as */*
  Parameters: {"username"=>"", "user"=>{"username"=>""}}
  [1m[36mUser Load (0.3ms)[0m  [1m[34mSELECT "users".* FROM "users" WHERE "users"."username" = ? LIMIT ?[0m  [["username", ""], ["LIMIT", 1]]
  ↳ app/controllers/users_controller.rb:13:in `create'
Completed 200 OK in 5ms (Views: 0.6ms | ActiveRecord: 0.3ms | Allocations: 905)


Started POST "/users" for ::1 at 2020-09-10 18:18:33 -0500
Processing by UsersController#create as */*
  Parameters: {"username"=>"", "user"=>{"username"=>""}}
  [1m[36mUser Load (0.4ms)[0m  [1m[34mSELECT "users".* FROM "users" WHERE "users"."username" = ? LIMIT ?[0m  [["username", ""], ["LIMIT", 1]]
  ↳ app/controllers/users_controller.rb:13:in `create'
Completed 200 OK in 5ms (Views: 0.6ms | ActiveRecord: 0.4ms | Allocations: 905)


Started POST "/users" for ::1 at 2020-09-10 18:20:00 -0500
Processing by UsersController#create as */*
  Parameters: {"username"=>"", "user"=>{"username"=>""}}
  [1m[36mUser Load (0.2ms)[0m  [1m[34mSELECT "users".* FROM "users" WHERE "users"."username" = ? LIMIT ?[0m  [["username", ""], ["LIMIT", 1]]
  ↳ app/controllers/users_controller.rb:13:in `create'
Completed 200 OK in 3ms (Views: 0.5ms | ActiveRecord: 0.2ms | Allocations: 905)


Started POST "/users" for ::1 at 2020-09-10 18:22:41 -0500
Processing by UsersController#create as */*
  Parameters: {"username"=>"", "user"=>{"username"=>""}}
  [1m[36mUser Load (0.2ms)[0m  [1m[34mSELECT "users".* FROM "users" WHERE "users"."username" = ? LIMIT ?[0m  [["username", ""], ["LIMIT", 1]]
  ↳ app/controllers/users_controller.rb:13:in `create'
Completed 200 OK in 3ms (Views: 0.4ms | ActiveRecord: 0.2ms | Allocations: 905)


Started POST "/users" for ::1 at 2020-09-10 18:24:26 -0500
Processing by UsersController#create as */*
  Parameters: {"username"=>"", "user"=>{"username"=>""}}
  [1m[36mUser Load (0.1ms)[0m  [1m[34mSELECT "users".* FROM "users" WHERE "users"."username" = ? LIMIT ?[0m  [["username", ""], ["LIMIT", 1]]
  ↳ app/controllers/users_controller.rb:13:in `create'
Completed 200 OK in 2ms (Views: 0.3ms | ActiveRecord: 0.1ms | Allocations: 905)


Started POST "/users" for ::1 at 2020-09-10 18:28:51 -0500
Processing by UsersController#create as */*
  Parameters: {"username"=>"", "user"=>{"username"=>""}}
  [1m[36mUser Load (0.2ms)[0m  [1m[34mSELECT "users".* FROM "users" WHERE "users"."username" = ? LIMIT ?[0m  [["username", ""], ["LIMIT", 1]]
  ↳ app/controllers/users_controller.rb:13:in `create'
Completed 200 OK in 3ms (Views: 0.4ms | ActiveRecord: 0.2ms | Allocations: 905)


Started POST "/users" for ::1 at 2020-09-10 18:29:51 -0500
Processing by UsersController#create as */*
  Parameters: {"username"=>"", "user"=>{"username"=>""}}
  [1m[36mUser Load (0.3ms)[0m  [1m[34mSELECT "users".* FROM "users" WHERE "users"."username" = ? LIMIT ?[0m  [["username", ""], ["LIMIT", 1]]
  ↳ app/controllers/users_controller.rb:13:in `create'
Completed 200 OK in 4ms (Views: 0.6ms | ActiveRecord: 0.3ms | Allocations: 905)


Started POST "/users" for ::1 at 2020-09-10 18:31:09 -0500
Processing by UsersController#create as */*
  Parameters: {"username"=>"", "user"=>{"username"=>""}}
  [1m[36mUser Load (0.1ms)[0m  [1m[34mSELECT "users".* FROM "users" WHERE "users"."username" = ? LIMIT ?[0m  [["username", ""], ["LIMIT", 1]]
  ↳ app/controllers/users_controller.rb:13:in `create'
Completed 200 OK in 2ms (Views: 0.3ms | ActiveRecord: 0.1ms | Allocations: 905)


Started POST "/users" for ::1 at 2020-09-10 18:32:54 -0500
Processing by UsersController#create as */*
  Parameters: {"username"=>"", "user"=>{"username"=>""}}
  [1m[36mUser Load (1.1ms)[0m  [1m[34mSELECT "users".* FROM "users" WHERE "users"."username" = ? LIMIT ?[0m  [["username", ""], ["LIMIT", 1]]
  ↳ app/controllers/users_controller.rb:13:in `create'
Completed 200 OK in 5ms (Views: 0.5ms | ActiveRecord: 1.1ms | Allocations: 905)


Started POST "/users" for ::1 at 2020-09-10 18:36:35 -0500
Processing by UsersController#create as */*
  Parameters: {"username"=>"", "user"=>{"username"=>""}}
  [1m[36mUser Load (0.4ms)[0m  [1m[34mSELECT "users".* FROM "users" WHERE "users"."username" = ? LIMIT ?[0m  [["username", ""], ["LIMIT", 1]]
  ↳ app/controllers/users_controller.rb:13:in `create'
Completed 200 OK in 4ms (Views: 0.5ms | ActiveRecord: 0.4ms | Allocations: 905)


Started POST "/users" for ::1 at 2020-09-10 18:36:57 -0500
Processing by UsersController#create as */*
  Parameters: {"username"=>"", "user"=>{"username"=>""}}
  [1m[36mUser Load (0.2ms)[0m  [1m[34mSELECT "users".* FROM "users" WHERE "users"."username" = ? LIMIT ?[0m  [["username", ""], ["LIMIT", 1]]
  ↳ app/controllers/users_controller.rb:13:in `create'
Completed 200 OK in 6ms (Views: 1.4ms | ActiveRecord: 0.2ms | Allocations: 905)


Started POST "/users" for ::1 at 2020-09-10 18:37:47 -0500
Processing by UsersController#create as */*
  Parameters: {"username"=>"", "user"=>{"username"=>""}}
  [1m[36mUser Load (0.1ms)[0m  [1m[34mSELECT "users".* FROM "users" WHERE "users"."username" = ? LIMIT ?[0m  [["username", ""], ["LIMIT", 1]]
  ↳ app/controllers/users_controller.rb:13:in `create'
Completed 200 OK in 2ms (Views: 0.3ms | ActiveRecord: 0.1ms | Allocations: 905)


Started POST "/users" for ::1 at 2020-09-10 18:39:06 -0500
Processing by UsersController#create as */*
  Parameters: {"username"=>"", "user"=>{"username"=>""}}
  [1m[36mUser Load (0.2ms)[0m  [1m[34mSELECT "users".* FROM "users" WHERE "users"."username" = ? LIMIT ?[0m  [["username", ""], ["LIMIT", 1]]
  ↳ app/controllers/users_controller.rb:13:in `create'
Completed 200 OK in 2ms (Views: 0.3ms | ActiveRecord: 0.2ms | Allocations: 905)


Started POST "/users" for ::1 at 2020-09-10 18:44:59 -0500
  [1m[35m (1.3ms)[0m  [1m[34mSELECT sqlite_version(*)[0m
Processing by UsersController#create as */*
  Parameters: {"username"=>"", "user"=>{"username"=>""}}
  [1m[36mUser Load (0.3ms)[0m  [1m[34mSELECT "users".* FROM "users" WHERE "users"."username" = ? LIMIT ?[0m  [["username", ""], ["LIMIT", 1]]
  ↳ app/controllers/users_controller.rb:13:in `create'
Completed 200 OK in 6ms (Views: 0.6ms | ActiveRecord: 0.3ms | Allocations: 921)


Started POST "/users" for ::1 at 2020-09-10 18:46:10 -0500
Processing by UsersController#create as */*
  Parameters: {"username"=>"", "user"=>{"username"=>""}}
  [1m[36mUser Load (0.3ms)[0m  [1m[34mSELECT "users".* FROM "users" WHERE "users"."username" = ? LIMIT ?[0m  [["username", ""], ["LIMIT", 1]]
  ↳ app/controllers/users_controller.rb:13:in `create'
Completed 200 OK in 9ms (Views: 0.9ms | ActiveRecord: 0.3ms | Allocations: 905)


